time="2024-08-24 02:11:35" level=info msg="Database migration skipped" Environment=Development
time="2024-08-24 02:11:35" level=info msg="Server is running on port: 8080" Environment=Development
time="2024-08-24 02:12:53" level=info msg="Database migration skipped" Environment=Development
time="2024-08-24 02:12:53" level=info msg="Server is running on port: 8080" Environment=Development
time="2024-08-24 02:13:10" level=info msg="Shutting down server..." Environment=Development
time="2024-08-24 02:13:10" level=info msg="Server exiting" Environment=Development
time="2024-08-24 02:13:14" level=info msg="database operation" Environment=Development elapsed=2.0354ms rows=0 sql="DROP TABLE IF EXISTS \"users\" CASCADE"
time="2024-08-24 02:13:14" level=info msg="Database tables dropped" Environment=Development
time="2024-08-24 02:13:14" level=info msg="database operation" Environment=Development elapsed=5.6481ms rows=1 sql="SELECT count(*) FROM information_schema.tables WHERE table_schema = CURRENT_SCHEMA() AND table_name = 'users' AND table_type = 'BASE TABLE'"
time="2024-08-24 02:13:14" level=info msg="database operation" Environment=Development elapsed=14.6548ms rows=0 sql="CREATE TABLE \"users\" (\"id\" bigserial,\"created_at\" timestamptz,\"updated_at\" timestamptz,\"deleted_at\" timestamptz,\"first_name\" varchar(255),\"last_name\" varchar(255),\"email\" varchar(255) NOT NULL,\"password\" text NOT NULL,PRIMARY KEY (\"id\"),CONSTRAINT \"uni_users_email\" UNIQUE (\"email\"))"
time="2024-08-24 02:13:14" level=info msg="database operation" Environment=Development elapsed=1.5782ms rows=0 sql="CREATE INDEX IF NOT EXISTS \"idx_users_deleted_at\" ON \"users\" (\"deleted_at\")"
time="2024-08-24 02:13:14" level=info msg="Database migration completed" Environment=Development
time="2024-08-24 02:13:14" level=info msg="Server is running on port: 8080" Environment=Development
time="2024-08-24 02:14:59" level=info msg="database operation" Environment=Development elapsed=4.0545ms rows=0 sql="DROP TABLE IF EXISTS \"users\" CASCADE"
time="2024-08-24 02:14:59" level=info msg="Database tables dropped" Environment=Development
time="2024-08-24 02:14:59" level=info msg="database operation" Environment=Development elapsed=4.6989ms rows=1 sql="SELECT count(*) FROM information_schema.tables WHERE table_schema = CURRENT_SCHEMA() AND table_name = 'users' AND table_type = 'BASE TABLE'"
time="2024-08-24 02:14:59" level=info msg="database operation" Environment=Development elapsed=9.2972ms rows=0 sql="CREATE TABLE \"users\" (\"id\" bigserial,\"created_at\" timestamptz,\"updated_at\" timestamptz,\"deleted_at\" timestamptz,\"first_name\" varchar(255),\"last_name\" varchar(255),\"email\" varchar(255) NOT NULL,\"password\" text NOT NULL,PRIMARY KEY (\"id\"),CONSTRAINT \"uni_users_email\" UNIQUE (\"email\"))"
time="2024-08-24 02:14:59" level=info msg="database operation" Environment=Development elapsed=1.5267ms rows=0 sql="CREATE INDEX IF NOT EXISTS \"idx_users_deleted_at\" ON \"users\" (\"deleted_at\")"
time="2024-08-24 02:14:59" level=info msg="Database migration completed" Environment=Development
time="2024-08-24 02:15:00" level=info msg="database operation" Environment=Development elapsed=5.0449ms rows=15 sql="INSERT INTO \"users\" (\"created_at\",\"updated_at\",\"deleted_at\",\"first_name\",\"last_name\",\"email\",\"password\") VALUES ('2024-08-24 02:15:00.105','2024-08-24 02:15:00.105',NULL,'Omar','Saputra','Yuli[_ . -]Simanjuntak@gmail.com','$2a$10$vyHVSDQYWDp9S6GzI1TVFO0buOAniLf..dTTR/b1ScYHqR3R.KFlG'),('2024-08-24 02:15:00.105','2024-08-24 02:15:00.105',NULL,'Joko','Aulia','Oki[_ . -]Simanjuntak@gmail.com','$2a$10$qN0wgtBkl644gjViSGXIY.Glk.0CVwCH89jUNwqrpP9bd1qnVBh/C'),('2024-08-24 02:15:00.105','2024-08-24 02:15:00.105',NULL,'Joko','Nugraha','Hadi[_ . -]Haryanto@gmail.com','$2a$10$inr7gRqsuAYESJvLq/VrI.agIGsbf7EkZXESSKQ19EnWV4svMLYCG'),('2024-08-24 02:15:00.105','2024-08-24 02:15:00.105',NULL,'Ahmad','Saputra','Yana[_ . -]Wibisono@gmail.com','$2a$10$wsaHPFwLrRhIuO2SaF.0UuBSA86r5Wc0BOzGYKjwu14pRorCjcLTG'),('2024-08-24 02:15:00.105','2024-08-24 02:15:00.105',NULL,'Ahmad','Siregar','Hendra[_ . -]Maulana@gmail.com','$2a$10$U7UwrUPzZirLHQNr1jbHD.bIuKZG4DjkT4SR9MFAJAfQ1UwB1pnWq'),('2024-08-24 02:15:00.105','2024-08-24 02:15:00.105',NULL,'Jasmine','Rahayu','Rizki[_ . -]Sari@gmail.com','$2a$10$b9nluaqdPuqjz18SmEkzUu/bZuNVqHnXoN5mu8/ODcJn4FsUSIsC2'),('2024-08-24 02:15:00.105','2024-08-24 02:15:00.105',NULL,'Indah','Utomo','Lia[_ . -]Rahman@gmail.com','$2a$10$NKXncrkhgdl4Z6SDT5tKoeDXhfRUIe34niiILzMZp5QAUwS22Va5S'),('2024-08-24 02:15:00.105','2024-08-24 02:15:00.105',NULL,'Dwi','Rahayu','Farah[_ . -]Purnomo@gmail.com','$2a$10$Qa.l/RxnVH7lNXWNYPzYI.EvxqYRc8vPUQYI04Ox7ejJpb9tDmqDW'),('2024-08-24 02:15:00.105','2024-08-24 02:15:00.105',NULL,'Sari','Wibowo','Zulfi[_ . -]Aulia@gmail.com','$2a$10$grIiUxJDdLfzPCSLfY8Mg.9oq8GlJx31lcwWjzim6BpplyV6iBKUm'),('2024-08-24 02:15:00.105','2024-08-24 02:15:00.105',NULL,'Ujang','Fauzi','Sari[_ . -]Hartono@gmail.com','$2a$10$FBppvRbrHRahlf0Tw7olB.Zo7pcWcVPvLqgPVH8lPBINwGnUcPfwC'),('2024-08-24 02:15:00.105','2024-08-24 02:15:00.105',NULL,'Bagus','Kurniawan','Fitri[_ . -]Rahman@gmail.com','$2a$10$3VoFnxpfsrg16Jn4YjzcTe5ZDyD4iyAoqhvPnUDTCAP.jEYD4lrMu'),('2024-08-24 02:15:00.105','2024-08-24 02:15:00.105',NULL,'Dewi','Permadi','Hendra[_ . -]Sari@gmail.com','$2a$10$cAUeQWM2va16lABOHsj9EeMcEQOWX1XIkEkkSDrdq51uU/h.p4hsu'),('2024-08-24 02:15:00.105','2024-08-24 02:15:00.105',NULL,'Siti','Susanto','Gita[_ . -]Maulana@gmail.com','$2a$10$M6b7IDaPhG96jFsgIdsgeeD8sHJFiM5GDQ4xTzI6..6VNigtdBqby'),('2024-08-24 02:15:00.105','2024-08-24 02:15:00.105',NULL,'Nina','Purnomo','Mira[_ . -]Susanto@gmail.com','$2a$10$FY0xYPe6OkZ1b3fuJSvWk.DxT5twImNaFcuAY8dir4XCYCQv8cXzi'),('2024-08-24 02:15:00.105','2024-08-24 02:15:00.105',NULL,'Nina','Saputra','Ira[_ . -]Wibisono@gmail.com','$2a$10$fkiz.JDlTheoIWQbpbIUMuZEOFtzAieuFz4HXfJgUNbrJ62U9Pr/G') RETURNING \"id\""
time="2024-08-24 02:15:00" level=info msg="Seed users success" Environment=Development
time="2024-08-24 02:15:00" level=info msg="Server is running on port: 8080" Environment=Development
time="2024-08-24 02:16:25" level=info msg="database operation" Environment=Development elapsed=3.132ms rows=0 sql="DROP TABLE IF EXISTS \"users\" CASCADE"
time="2024-08-24 02:16:25" level=info msg="Database tables dropped" Environment=Development
time="2024-08-24 02:16:25" level=info msg="database operation" Environment=Development elapsed=3.6809ms rows=1 sql="SELECT count(*) FROM information_schema.tables WHERE table_schema = CURRENT_SCHEMA() AND table_name = 'users' AND table_type = 'BASE TABLE'"
time="2024-08-24 02:16:25" level=info msg="database operation" Environment=Development elapsed=7.7365ms rows=0 sql="CREATE TABLE \"users\" (\"id\" bigserial,\"created_at\" timestamptz,\"updated_at\" timestamptz,\"deleted_at\" timestamptz,\"first_name\" varchar(255),\"last_name\" varchar(255),\"email\" varchar(255) NOT NULL,\"password\" text NOT NULL,PRIMARY KEY (\"id\"),CONSTRAINT \"uni_users_email\" UNIQUE (\"email\"))"
time="2024-08-24 02:16:25" level=info msg="database operation" Environment=Development elapsed=1.5395ms rows=0 sql="CREATE INDEX IF NOT EXISTS \"idx_users_deleted_at\" ON \"users\" (\"deleted_at\")"
time="2024-08-24 02:16:25" level=info msg="Database migration completed" Environment=Development
time="2024-08-24 02:16:26" level=info msg="database operation" Environment=Development elapsed=3.0372ms rows=15 sql="INSERT INTO \"users\" (\"created_at\",\"updated_at\",\"deleted_at\",\"first_name\",\"last_name\",\"email\",\"password\") VALUES ('2024-08-24 02:16:26.101','2024-08-24 02:16:26.101',NULL,'Budi','Maulana','Yuli_Purnomo@gmail.com','$2a$10$reKPORfFY4HRt/0E/oDq4OTJV9kr35Cm2iofu/Xq7VNvt6ml68Rpu'),('2024-08-24 02:16:26.101','2024-08-24 02:16:26.101',NULL,'Nia','Nugraha','Nia_Subagyo@gmail.com','$2a$10$WEI2cQrHsHsBRG33xcFhvufAm2OkZKu7mBCGps51tf843jpcQ6Q46'),('2024-08-24 02:16:26.101','2024-08-24 02:16:26.101',NULL,'Ira','Ananda','Yuli_Setiawan@gmail.com','$2a$10$YcVOkt.JItS1Km.VrCU16.P06NSBDpUgbs3j69n4Ks2PTViAk4e6O'),('2024-08-24 02:16:26.101','2024-08-24 02:16:26.101',NULL,'Zulfi','Wibisono','Sari-Ananda@gmail.com','$2a$10$701UJDHugONfRi89WBb.keL3WwI93Ml1wtJEPznZuwxDLfigxdjO.'),('2024-08-24 02:16:26.101','2024-08-24 02:16:26.101',NULL,'Eko','Ramadhan','Kiki.Pratama@gmail.com','$2a$10$tG94GCxz/ZJsjKyVx38C5uLWXbAkFCU0NMtTD6xKwK7Whe0HImU4a'),('2024-08-24 02:16:26.101','2024-08-24 02:16:26.101',NULL,'Ayu','Permadi','Mira-Subagyo@gmail.com','$2a$10$5Zbc4Nx3608hDhIrfepX0edXoifkeL/UJa87Eq/uiBUWSUqXLTveq'),('2024-08-24 02:16:26.101','2024-08-24 02:16:26.101',NULL,'Ira','Wijaya','Sari-Susanto@gmail.com','$2a$10$KC2l8UIu1PfXKq41Yg/kO.2ZjklejntCdhW8sZQJKd3FeDQxpiJ4y'),('2024-08-24 02:16:26.101','2024-08-24 02:16:26.101',NULL,'Ahmad','Purnomo','Indah.Haryanto@gmail.com','$2a$10$oIo4y22LK1VuM7rmEcUjFeUXY0PQE8C8z4BSVayRsRtJy1wyHb7Xu'),('2024-08-24 02:16:26.101','2024-08-24 02:16:26.101',NULL,'Winda','Siregar','Gita.Sari@gmail.com','$2a$10$yOZEOO/5okWvcj7aR2fpo.uTbUEqzeDt5sPFLJaPPgMz3ACbxOdYW'),('2024-08-24 02:16:26.101','2024-08-24 02:16:26.101',NULL,'Rizki','Utomo','Gita_Maulana@gmail.com','$2a$10$3xvrT/A3bZWp4sSsbC29fuoMXRfRfxTblBOvtb3SpoogwYGpTNgwe'),('2024-08-24 02:16:26.101','2024-08-24 02:16:26.101',NULL,'Yuli','Santoso','Qori.Aulia@gmail.com','$2a$10$W99hX4M5XUUGwT3EJN2Efeua4XyrFEAmT1/5kWnYtFl9UPylqq0Am'),('2024-08-24 02:16:26.101','2024-08-24 02:16:26.101',NULL,'Sari','Permadi','Indah-Rahman@gmail.com','$2a$10$QbU4cjhkBzEw4LZFryp43eIOzEYa2rOOXNJQIcS9fVZSFAmHErs9y'),('2024-08-24 02:16:26.101','2024-08-24 02:16:26.101',NULL,'Sari','Wulandari','Ayu.Setiawan@gmail.com','$2a$10$itO1IEhe7pdxFh6bxY6o/OIZOWhFfDHXcX4y0o9RrOILFpMxGxOu2'),('2024-08-24 02:16:26.101','2024-08-24 02:16:26.101',NULL,'Winda','Rahayu','Vina.Susanto@gmail.com','$2a$10$nrbmAld0aLUnXq39OcmjzuF0MtGb9N1qjCQZvSdvNsjlGYktpxPEW'),('2024-08-24 02:16:26.101','2024-08-24 02:16:26.101',NULL,'Salsa','Sari','Dimas-Wulandari@gmail.com','$2a$10$q64v4RFCSNgnkMTF25qUZOG3GqnzMQRV5V7.Ciw0.aQbeGX7K.Dcu') RETURNING \"id\""
time="2024-08-24 02:16:26" level=info msg="Seed users success" Environment=Development
time="2024-08-24 02:16:26" level=info msg="Server is running on port: 8080" Environment=Development
time="2024-08-24 02:18:13" level=error msg="database operation failed" Environment=Development elapsed="515.5µs" error="record not found" rows=0 sql="SELECT * FROM \"users\" WHERE email = '' AND \"users\".\"deleted_at\" IS NULL ORDER BY \"users\".\"id\" LIMIT 1"
time="2024-08-24 02:18:13" level=info msg="database operation" Environment=Development elapsed=0s rows=1 sql="INSERT INTO \"users\" (\"created_at\",\"updated_at\",\"deleted_at\",\"first_name\",\"last_name\",\"email\",\"password\") VALUES ('2024-08-24 02:18:13.792','2024-08-24 02:18:13.792',NULL,'Budi','Anduk','','$2a$10$rIcMCW3yU84qXSTmkud7N.la3vt1udly7ZyViLS3ls5fy8dyUTzce') RETURNING \"id\""
time="2024-08-24 02:18:13" level=info msg="HTTP request" Environment=Development content_length=93 cookies="[]" handler_name=gin-struktur-folder/internal/app/controller.UserController.Register-fm host="localhost:8080" ip="::1" latency=53.6857ms method=POST protocol=HTTP/1.1 query_params="" referer="" response_size=431 status=500 uri=/users/register user_agent=PostmanRuntime/7.41.1
time="2024-08-24 02:22:43" level=info msg="database operation" Environment=Development elapsed=4.0906ms rows=0 sql="DROP TABLE IF EXISTS \"users\" CASCADE"
time="2024-08-24 02:22:43" level=info msg="Database tables dropped" Environment=Development
time="2024-08-24 02:22:43" level=info msg="database operation" Environment=Development elapsed=4.6896ms rows=1 sql="SELECT count(*) FROM information_schema.tables WHERE table_schema = CURRENT_SCHEMA() AND table_name = 'users' AND table_type = 'BASE TABLE'"
time="2024-08-24 02:22:43" level=info msg="database operation" Environment=Development elapsed=40.2544ms rows=0 sql="CREATE TABLE \"users\" (\"id\" bigserial,\"created_at\" timestamptz,\"updated_at\" timestamptz,\"deleted_at\" timestamptz,\"first_name\" varchar(255),\"last_name\" varchar(255),\"email\" varchar(255) NOT NULL,\"password\" text NOT NULL,PRIMARY KEY (\"id\"),CONSTRAINT \"uni_users_email\" UNIQUE (\"email\"))"
time="2024-08-24 02:22:43" level=info msg="database operation" Environment=Development elapsed=1.5211ms rows=0 sql="CREATE INDEX IF NOT EXISTS \"idx_users_deleted_at\" ON \"users\" (\"deleted_at\")"
time="2024-08-24 02:22:43" level=info msg="Database migration completed" Environment=Development
time="2024-08-24 02:22:43" level=info msg="database operation" Environment=Development elapsed=5.0592ms rows=15 sql="INSERT INTO \"users\" (\"created_at\",\"updated_at\",\"deleted_at\",\"first_name\",\"last_name\",\"email\",\"password\") VALUES ('2024-08-24 02:22:43.974','2024-08-24 02:22:43.974',NULL,'Farah','Wijaya','Gita-Wibowo@gmail.com','$2a$10$irzdCzuUA.LnQ5QW6HOEguv0w6D8d/nWzD/89x1KMe.2pQbMcbjo.'),('2024-08-24 02:22:43.974','2024-08-24 02:22:43.974',NULL,'Kiki','Hartono','Nina.Utomo@gmail.com','$2a$10$tXrOPc4zhtikb.E22MU13.GBmkpZikoO7c1vpxFdjU7fIoOHJ/Xji'),('2024-08-24 02:22:43.974','2024-08-24 02:22:43.974',NULL,'Joko','Wibisono','Dewi_Fauzi@gmail.com','$2a$10$Eur4SjpxS6djdaFj5Uvcve6OQD7BP4Yx/gXTmLr1Lv4yOcTqw/rK6'),('2024-08-24 02:22:43.974','2024-08-24 02:22:43.974',NULL,'Jasmine','Wibisono','Lestari.Maulana@gmail.com','$2a$10$VbGvNWVFQGQqjLgzEYm1zulFQ1MWptSYMz4baPfY3RGqHo9kghX3S'),('2024-08-24 02:22:43.974','2024-08-24 02:22:43.974',NULL,'Sari','Susanto','Winda.Wulandari@gmail.com','$2a$10$.pXVFXApkuqAM/cjmpLyfetPWJ194ndBPotaIDrZ6guCGID9JNUDW'),('2024-08-24 02:22:43.974','2024-08-24 02:22:43.974',NULL,'Yana','Wijaya','Tia.Permadi@gmail.com','$2a$10$pZ6ww.UlIKaNObTZ6hyGcOogiiC29Ozizby2ZD6SefQgSMTtXqbNe'),('2024-08-24 02:22:43.974','2024-08-24 02:22:43.974',NULL,'Wahyu','Maulana','Dwi_Haryanto@gmail.com','$2a$10$b2acCsDKqrionF/zOSjlE.xiDm9zB4G5Xhg0ALPMCqTq34BINpb1O'),('2024-08-24 02:22:43.974','2024-08-24 02:22:43.974',NULL,'Winda','Rahayu','Bagus-Wijaya@gmail.com','$2a$10$B/sz17rTTL6fRJXNpEDQ7OnG9FRZaIXyMAb/Bj1xXqU2dOABO5Kzy'),('2024-08-24 02:22:43.974','2024-08-24 02:22:43.974',NULL,'Ira','Wibowo','Joko-Santoso@gmail.com','$2a$10$BzbucJbDdC5bY6G5Ns4fuuM4.JmO2fnHL3W2kA0nFKJemTknDq3yO'),('2024-08-24 02:22:43.974','2024-08-24 02:22:43.974',NULL,'Indah','Wibisono','Hadi-Siregar@gmail.com','$2a$10$a8uy4TNdlGVW1RIbI//kF.O.KBXGQihjnGLJ3ifCporjZZuYQHxGy'),('2024-08-24 02:22:43.974','2024-08-24 02:22:43.974',NULL,'Winda','Wijaya','Dwi.Permadi@gmail.com','$2a$10$tzWsey.UEwUocjoHG5xGwubETqWsCSe7v55DI7kS9ZksWDybQN8DK'),('2024-08-24 02:22:43.974','2024-08-24 02:22:43.974',NULL,'Salsa','Nugraha','Tia-Sari@gmail.com','$2a$10$2WWalDcm31vL0Dqa1Wawpez1Tg1AjZwoK35lyUB7VKe0XyCcN/k8.'),('2024-08-24 02:22:43.974','2024-08-24 02:22:43.974',NULL,'Citra','Kusuma','Zulfi-Ramadhan@gmail.com','$2a$10$rdavSkpnREay3Wi9fnn55Ok5J.EWg/1A7Y.8JYc8QvFOAS0MF/D1.'),('2024-08-24 02:22:43.974','2024-08-24 02:22:43.974',NULL,'Ahmad','Simanjuntak','Kiki_Ramadhan@gmail.com','$2a$10$MYT0cnWa1zX8yEFJdKV1qurF9S9OXGpaBwQosa.wrjOB8IV92Un0i'),('2024-08-24 02:22:43.974','2024-08-24 02:22:43.974',NULL,'Maya','Santoso','Zulfi-Sari@gmail.com','$2a$10$SQ47ERQJN6EnvQeoak8tJeOV6ivf4LSX4uIFhCs0LTElBkdejweIW') RETURNING \"id\""
time="2024-08-24 02:22:43" level=info msg="Seed users success" Environment=Development
time="2024-08-24 02:22:43" level=info msg="Server is running on port: 8080" Environment=Development
time="2024-08-24 02:22:53" level=info msg="Shutting down server..." Environment=Development
time="2024-08-24 02:22:53" level=info msg="Server exiting" Environment=Development
time="2024-08-24 02:22:58" level=info msg="Database migration skipped" Environment=Development
time="2024-08-24 02:22:58" level=info msg="Server is running on port: 8080" Environment=Development
time="2024-08-24 02:23:09" level=info msg="HTTP request" Environment=Development content_length=93 cookies="[]" handler_name=gin-struktur-folder/internal/app/controller.UserController.Register-fm host="localhost:8080" ip="::1" latency="501.5µs" method=POST protocol=HTTP/1.1 query_params="" referer="" response_size=210 status=500 uri=/users/register user_agent=PostmanRuntime/7.41.1
time="2024-08-24 02:27:59" level=info msg="Database migration skipped" Environment=Development
time="2024-08-24 02:27:59" level=info msg="Server is running on port: 8080" Environment=Development
time="2024-08-24 02:28:02" level=info msg="HTTP request" Environment=Development content_length=93 cookies="[]" handler_name=gin-struktur-folder/internal/app/controller.UserController.Register-fm host="localhost:8080" ip="::1" latency="502µs" method=POST protocol=HTTP/1.1 query_params="" referer="" response_size=210 status=500 uri=/users/register user_agent=PostmanRuntime/7.41.1
time="2024-08-24 02:29:54" level=info msg="HTTP request" Environment=Development content_length=93 cookies="[]" handler_name=gin-struktur-folder/internal/app/controller.UserController.Register-fm host="localhost:8080" ip="::1" latency="369.9µs" method=POST protocol=HTTP/1.1 query_params="" referer="" response_size=210 status=500 uri=/users/register user_agent=PostmanRuntime/7.41.1
time="2024-08-24 02:31:15" level=info msg="Database migration skipped" Environment=Development
time="2024-08-24 02:31:15" level=info msg="Server is running on port: 8080" Environment=Development
time="2024-08-24 02:33:04" level=info msg="Database migration skipped" Environment=Development
time="2024-08-24 02:33:04" level=info msg="Server is running on port: 8080" Environment=Development
time="2024-08-24 02:34:43" level=info msg="Database migration skipped" Environment=Development
time="2024-08-24 02:34:43" level=info msg="Server is running on port: 8080" Environment=Development
time="2024-08-24 02:34:58" level=info msg="HTTP request" Environment=Development content_length=93 cookies="[]" handler_name=gin-struktur-folder/internal/app/controller.UserController.Register-fm host="localhost:8080" ip="::1" latency=0s method=POST protocol=HTTP/1.1 query_params="" referer="" response_size=74 status=400 uri=/users/register user_agent=PostmanRuntime/7.41.1
time="2024-08-24 02:35:49" level=info msg="Database migration skipped" Environment=Development
time="2024-08-24 02:35:49" level=info msg="Server is running on port: 8080" Environment=Development
time="2024-08-24 02:36:13" level=info msg="HTTP request" Environment=Development content_length=93 cookies="[]" handler_name=gin-struktur-folder/internal/app/controller.UserController.Register-fm host="localhost:8080" ip="::1" latency="506.3µs" method=POST protocol=HTTP/1.1 query_params="" referer="" response_size=74 status=400 uri=/users/register user_agent=PostmanRuntime/7.41.1
time="2024-08-24 02:38:11" level=info msg="HTTP request" Environment=Development content_length=93 cookies="[]" handler_name=gin-struktur-folder/internal/app/controller.UserController.Register-fm host="localhost:8080" ip="::1" latency=0s method=POST protocol=HTTP/1.1 query_params="" referer="" response_size=74 status=400 uri=/users/register user_agent=PostmanRuntime/7.41.1
time="2024-08-24 02:40:55" level=info msg="Database migration skipped" Environment=Development
time="2024-08-24 02:40:55" level=info msg="Server is running on port: 8080" Environment=Development
time="2024-08-24 02:40:57" level=info msg="HTTP request" Environment=Development content_length=93 cookies="[]" handler_name=gin-struktur-folder/internal/app/controller.UserController.Register-fm host="localhost:8080" ip="::1" latency="505.9µs" method=POST protocol=HTTP/1.1 query_params="" referer="" response_size=79 status=400 uri=/users/register user_agent=PostmanRuntime/7.41.1
time="2024-08-24 02:41:17" level=info msg="HTTP request" Environment=Development content_length=71 cookies="[]" handler_name=gin-struktur-folder/internal/app/controller.UserController.Register-fm host="localhost:8080" ip="::1" latency=0s method=POST protocol=HTTP/1.1 query_params="" referer="" response_size=102 status=400 uri=/users/register user_agent=PostmanRuntime/7.41.1
time="2024-08-24 02:42:12" level=info msg="Database migration skipped" Environment=Development
time="2024-08-24 02:42:12" level=info msg="Server is running on port: 8080" Environment=Development
time="2024-08-24 02:42:14" level=info msg="HTTP request" Environment=Development content_length=71 cookies="[]" handler_name=gin-struktur-folder/internal/app/controller.UserController.Register-fm host="localhost:8080" ip="::1" latency="511.2µs" method=POST protocol=HTTP/1.1 query_params="" referer="" response_size=102 status=400 uri=/users/register user_agent=PostmanRuntime/7.41.1
time="2024-08-24 02:43:00" level=info msg="Database migration skipped" Environment=Development
time="2024-08-24 02:43:00" level=info msg="Server is running on port: 8080" Environment=Development
time="2024-08-24 02:43:30" level=info msg="HTTP request" Environment=Development content_length=71 cookies="[]" handler_name=gin-struktur-folder/internal/app/controller.UserController.Register-fm host="localhost:8080" ip="::1" latency=0s method=POST protocol=HTTP/1.1 query_params="" referer="" response_size=102 status=400 uri=/users/register user_agent=PostmanRuntime/7.41.1
time="2024-08-24 02:43:41" level=info msg="HTTP request" Environment=Development content_length=46 cookies="[]" handler_name=gin-struktur-folder/internal/app/controller.UserController.Register-fm host="localhost:8080" ip="::1" latency=0s method=POST protocol=HTTP/1.1 query_params="" referer="" response_size=102 status=400 uri=/users/register user_agent=PostmanRuntime/7.41.1
time="2024-08-24 02:43:50" level=info msg="HTTP request" Environment=Development content_length=71 cookies="[]" handler_name=gin-struktur-folder/internal/app/controller.UserController.Register-fm host="localhost:8080" ip="::1" latency=0s method=POST protocol=HTTP/1.1 query_params="" referer="" response_size=102 status=400 uri=/users/register user_agent=PostmanRuntime/7.41.1
time="2024-08-24 02:45:06" level=info msg="Database migration skipped" Environment=Development
time="2024-08-24 02:45:06" level=info msg="Server is running on port: 8080" Environment=Development
time="2024-08-24 02:45:10" level=info msg="HTTP request" Environment=Development content_length=71 cookies="[]" handler_name=gin-struktur-folder/internal/app/controller.UserController.Register-fm host="localhost:8080" ip="::1" latency="348.5µs" method=POST protocol=HTTP/1.1 query_params="" referer="" response_size=80 status=400 uri=/users/register user_agent=PostmanRuntime/7.41.1
time="2024-08-24 02:45:19" level=error msg="database operation failed" Environment=Development elapsed=3.5437ms error="record not found" rows=0 sql="SELECT * FROM \"users\" WHERE email = 'budi_anduk@gmail.com' AND \"users\".\"deleted_at\" IS NULL ORDER BY \"users\".\"id\" LIMIT 1"
time="2024-08-24 02:45:19" level=info msg="database operation" Environment=Development elapsed=2.107ms rows=1 sql="INSERT INTO \"users\" (\"created_at\",\"updated_at\",\"deleted_at\",\"first_name\",\"last_name\",\"email\",\"password\") VALUES ('2024-08-24 02:45:19.189','2024-08-24 02:45:19.189',NULL,'Budi','Anduk','budi_anduk@gmail.com','$2a$10$DFYVZyMcRrklGhVXOynkROnJfB70uPjHj9SEugbnK9aXB33g6rrhi') RETURNING \"id\""
time="2024-08-24 02:45:19" level=info msg="HTTP request" Environment=Development content_length=126 cookies="[]" handler_name=gin-struktur-folder/internal/app/controller.UserController.Register-fm host="localhost:8080" ip="::1" latency=58.9749ms method=POST protocol=HTTP/1.1 query_params="" referer="" response_size=315 status=201 uri=/users/register user_agent=PostmanRuntime/7.41.1
time="2024-08-24 02:50:48" level=info msg="Database migration skipped" Environment=Development
time="2024-08-24 02:50:48" level=info msg="Server is running on port: 8080" Environment=Development
time="2024-08-24 02:51:20" level=error msg="database operation failed" Environment=Development elapsed=3.0764ms error="record not found" rows=0 sql="SELECT * FROM \"users\" WHERE email = 'charles_anduk@gmail.com' AND \"users\".\"deleted_at\" IS NULL ORDER BY \"users\".\"id\" LIMIT 1"
time="2024-08-24 02:51:20" level=info msg="database operation" Environment=Development elapsed=2.0466ms rows=1 sql="INSERT INTO \"users\" (\"created_at\",\"updated_at\",\"deleted_at\",\"first_name\",\"last_name\",\"email\",\"password\") VALUES ('2024-08-24 02:51:20.696','2024-08-24 02:51:20.696',NULL,'chales','Anduk','charles_anduk@gmail.com','$2a$10$Zy5AocfAmDnvdtUdXqhVUu9z9srbKea6LIQKoXKJ40duc5x6wy.HK') RETURNING \"id\""
time="2024-08-24 02:51:20" level=info msg="HTTP request" Environment=Development content_length=131 cookies="[]" handler_name=gin-struktur-folder/internal/app/controller.UserController.Register-fm host="localhost:8080" ip="::1" latency=57.7833ms method=POST protocol=HTTP/1.1 query_params="" referer="" response_size=124 status=201 uri=/users/register user_agent=PostmanRuntime/7.41.1
time="2024-08-24 02:51:31" level=info msg="Shutting down server..." Environment=Development
time="2024-08-24 02:51:31" level=info msg="Server exiting" Environment=Development
time="2024-08-24 02:51:33" level=info msg="Database migration skipped" Environment=Development
time="2024-08-24 02:51:33" level=info msg="Server is running on port: 8080" Environment=Development
time="2024-08-24 02:51:53" level=info msg="database operation" Environment=Development elapsed=3.0596ms rows=1 sql="SELECT * FROM \"users\" WHERE email = 'charles_anduk@gmail.com' AND \"users\".\"deleted_at\" IS NULL ORDER BY \"users\".\"id\" LIMIT 1"
time="2024-08-24 02:51:53" level=info msg="HTTP request" Environment=Development content_length=130 cookies="[]" handler_name=gin-struktur-folder/internal/app/controller.UserController.Register-fm host="localhost:8080" ip="::1" latency=3.399ms method=POST protocol=HTTP/1.1 query_params="" referer="" response_size=68 status=400 uri=/users/register user_agent=PostmanRuntime/7.41.1
time="2024-08-24 02:52:08" level=error msg="database operation failed" Environment=Development elapsed=0s error="record not found" rows=0 sql="SELECT * FROM \"users\" WHERE email = 'ilham_anduk@gmail.com' AND \"users\".\"deleted_at\" IS NULL ORDER BY \"users\".\"id\" LIMIT 1"
time="2024-08-24 02:52:08" level=info msg="database operation" Environment=Development elapsed=2.5088ms rows=1 sql="INSERT INTO \"users\" (\"created_at\",\"updated_at\",\"deleted_at\",\"first_name\",\"last_name\",\"email\",\"password\") VALUES ('2024-08-24 02:52:08.57','2024-08-24 02:52:08.57',NULL,'ilham','skrup','ilham_anduk@gmail.com','$2a$10$b21tEEdfK0ObSsVMhuAhieojo84bZMDyQW6fPQJc.sZOP8XHPWWym') RETURNING \"id\""
time="2024-08-24 02:52:08" level=info msg="HTTP request" Environment=Development content_length=128 cookies="[]" handler_name=gin-struktur-folder/internal/app/controller.UserController.Register-fm host="localhost:8080" ip="::1" latency=54.8639ms method=POST protocol=HTTP/1.1 query_params="" referer="" response_size=121 status=201 uri=/users/register user_agent=PostmanRuntime/7.41.1
time="2024-08-24 02:55:37" level=info msg="Database migration skipped" Environment=Development
time="2024-08-24 02:55:37" level=info msg="Server is running on port: 8080" Environment=Development
time="2024-08-24 02:55:57" level=info msg="Database migration skipped" Environment=Development
time="2024-08-24 02:55:57" level=info msg="Server is running on port: 8080" Environment=Development
time="2024-08-24 02:56:11" level=error msg="database operation failed" Environment=Development elapsed=2.56ms error="record not found" rows=0 sql="SELECT * FROM \"users\" WHERE email = 'dian@gmail.com' AND \"users\".\"deleted_at\" IS NULL ORDER BY \"users\".\"id\" LIMIT 1"
time="2024-08-24 02:56:11" level=info msg="database operation" Environment=Development elapsed=2.0549ms rows=1 sql="INSERT INTO \"users\" (\"created_at\",\"updated_at\",\"deleted_at\",\"first_name\",\"last_name\",\"email\",\"password\") VALUES ('2024-08-24 02:56:11.705','2024-08-24 02:56:11.705',NULL,'dian','skrup','dian@gmail.com','$2a$10$SYaBZb9v7QeU1htvHDMk.uiKboljz6A4Ek6KPyI6yrnb5RJk5n2o6') RETURNING \"id\""
time="2024-08-24 02:56:11" level=info msg="HTTP request" Environment=Development content_length=120 cookies="[]" handler_name=gin-struktur-folder/internal/app/controller.UserController.Register-fm host="localhost:8080" ip="::1" latency=58.4095ms method=POST protocol=HTTP/1.1 query_params="" referer="" response_size=113 status=201 uri=/users/register user_agent=PostmanRuntime/7.41.1
time="2024-08-24 03:00:10" level=info msg="Database migration skipped" Environment=Development
time="2024-08-24 03:00:10" level=info msg="Server is running on port: 8080" Environment=Development
time="2024-08-24 03:00:20" level=info msg="database operation: SELECT * FROM \"users\" WHERE email = 'diah@gmail.com' AND \"users\".\"deleted_at\" IS NULL ORDER BY \"users\".\"id\" LIMIT 1" Environment=Development
time="2024-08-24 03:00:20" level=info msg="database operation: INSERT INTO \"users\" (\"created_at\",\"updated_at\",\"deleted_at\",\"first_name\",\"last_name\",\"email\",\"password\") VALUES ('2024-08-24 03:00:20.912','2024-08-24 03:00:20.912',NULL,'diah','skrup','diah@gmail.com','$2a$10$0uGRPjplm4UKu73F1cFRqep6ZLVEdpqU46BEgoDeQ48il1Oedesq2') RETURNING \"id\"" Environment=Development
time="2024-08-24 03:00:20" level=info msg="HTTP request" Environment=Development content_length=120 cookies="[]" handler_name=gin-struktur-folder/internal/app/controller.UserController.Register-fm host="localhost:8080" ip="::1" latency=58.1302ms method=POST protocol=HTTP/1.1 query_params="" referer="" response_size=113 status=201 uri=/users/register user_agent=PostmanRuntime/7.41.1
time="2024-08-24 03:00:50" level=info msg="Database migration skipped" Environment=Development
time="2024-08-24 03:00:50" level=info msg="Server is running on port: 8080" Environment=Development
time="2024-08-24 03:00:59" level=info msg="database operation: SELECT * FROM \"users\" WHERE email = 'dukun@gmail.com' AND \"users\".\"deleted_at\" IS NULL ORDER BY \"users\".\"id\" LIMIT 1" Environment=Development
time="2024-08-24 03:00:59" level=info msg="database operation: INSERT INTO \"users\" (\"created_at\",\"updated_at\",\"deleted_at\",\"first_name\",\"last_name\",\"email\",\"password\") VALUES ('2024-08-24 03:00:59.572','2024-08-24 03:00:59.572',NULL,'dukun','skrup','dukun@gmail.com','$2a$10$qfKgasQjOSJC9ewuL91zn.Elu3LOa2KsCAsr8hZ00jtgpxYusbi.O') RETURNING \"id\"" Environment=Development
time="2024-08-24 03:00:59" level=info msg="HTTP request" Environment=Development content_length=122 cookies="[]" handler_name=gin-struktur-folder/internal/app/controller.UserController.Register-fm host="localhost:8080" ip="::1" latency=59.7452ms method=POST protocol=HTTP/1.1 query_params="" referer="" response_size=115 status=201 uri=/users/register user_agent=PostmanRuntime/7.41.1
time="2024-08-24 03:02:27" level=info msg="Database migration skipped" Environment=Development
time="2024-08-24 03:02:27" level=info msg="Server is running on port: 8080" Environment=Development
time="2024-08-24 03:02:38" level=info msg="database operation: SELECT * FROM \"users\" WHERE email = 'dukun@gmail.com' AND \"users\".\"deleted_at\" IS NULL ORDER BY \"users\".\"id\" LIMIT 1" Environment=Development
time="2024-08-24 03:02:38" level=info msg="HTTP request" Environment=Development content_length=122 cookies="[]" handler_name=gin-struktur-folder/internal/app/controller.UserController.Register-fm host="localhost:8080" ip="::1" latency=3.4853ms method=POST protocol=HTTP/1.1 query_params="" referer="" response_size=68 status=400 uri=/users/register user_agent=PostmanRuntime/7.41.1
time="2024-08-24 03:03:18" level=info msg="database operation: SELECT * FROM \"users\" WHERE email = 'dukun@gmail.com' AND \"users\".\"deleted_at\" IS NULL ORDER BY \"users\".\"id\" LIMIT 1" Environment=Development
time="2024-08-24 03:03:18" level=info msg="HTTP request" Environment=Development content_length=67 cookies="[]" handler_name=gin-struktur-folder/internal/app/controller.UserController.Login-fm host="localhost:8080" ip="::1" latency=52.0383ms method=POST protocol=HTTP/1.1 query_params="" referer="" response_size=177 status=200 uri=/users/login user_agent=PostmanRuntime/7.41.1
time="2024-08-24 03:03:25" level=info msg="Shutting down server..." Environment=Development
time="2024-08-24 03:03:25" level=info msg="Server exiting" Environment=Development
time="2024-08-25 00:55:57" level=info msg="Running AutoMigrate..." Environment=Development
time="2024-08-25 00:55:57" level=info msg="database operation: SELECT count(*) FROM information_schema.tables WHERE table_schema = CURRENT_SCHEMA() AND table_name = 'migrations' AND table_type = 'BASE TABLE'" Environment=Development
time="2024-08-25 00:55:57" level=info msg="database operation: SELECT count(*) FROM information_schema.tables WHERE table_schema = CURRENT_SCHEMA() AND table_name = 'migrations' AND table_type = 'BASE TABLE'" Environment=Development
time="2024-08-25 00:55:57" level=info msg="database operation: CREATE TABLE \"migrations\" (\"id\" varchar(255),PRIMARY KEY (\"id\"))" Environment=Development
time="2024-08-25 00:55:57" level=info msg="database operation: SELECT id FROM \"migrations\"" Environment=Development
time="2024-08-25 00:55:57" level=info msg="database operation: SELECT count(*) FROM \"migrations\" WHERE id = '20240825005018_create_users_table'" Environment=Development
time="2024-08-25 00:55:57" level=info msg="database operation: SELECT count(*) FROM information_schema.tables WHERE table_schema = CURRENT_SCHEMA() AND table_name = 'users' AND table_type = 'BASE TABLE'" Environment=Development
time="2024-08-25 00:55:57" level=info msg="database operation: SELECT CURRENT_DATABASE()" Environment=Development
time="2024-08-25 00:55:57" level=info msg="database operation: SELECT c.column_name, c.is_nullable = 'YES', c.udt_name, c.character_maximum_length, c.numeric_precision, c.numeric_precision_radix, c.numeric_scale, c.datetime_precision, 8 * typlen, c.column_default, pd.description, c.identity_increment FROM information_schema.columns AS c JOIN pg_type AS pgt ON c.udt_name = pgt.typname LEFT JOIN pg_catalog.pg_description as pd ON pd.objsubid = c.ordinal_position AND pd.objoid = (SELECT oid FROM pg_catalog.pg_class WHERE relname = c.table_name AND relnamespace = (SELECT oid FROM pg_catalog.pg_namespace WHERE nspname = c.table_schema)) where table_catalog = 'gin_struktur_folder' AND table_schema = CURRENT_SCHEMA() AND table_name = 'users'" Environment=Development
time="2024-08-25 00:55:57" level=info msg="database operation: SELECT * FROM \"users\" LIMIT 5" Environment=Development
time="2024-08-25 00:55:57" level=info msg="database operation: SELECT constraint_name FROM information_schema.table_constraints tc JOIN information_schema.constraint_column_usage AS ccu USING (constraint_schema, constraint_catalog, table_name, constraint_name) JOIN information_schema.columns AS c ON c.table_schema = tc.constraint_schema AND tc.table_name = c.table_name AND ccu.column_name = c.column_name WHERE constraint_type IN ('PRIMARY KEY', 'UNIQUE') AND c.table_catalog = 'gin_struktur_folder' AND c.table_schema = CURRENT_SCHEMA() AND c.table_name = 'users' AND constraint_type = 'UNIQUE'" Environment=Development
time="2024-08-25 00:55:57" level=info msg="database operation: SELECT c.column_name, constraint_name, constraint_type FROM information_schema.table_constraints tc JOIN information_schema.constraint_column_usage AS ccu USING (constraint_schema, constraint_catalog, table_name, constraint_name) JOIN information_schema.columns AS c ON c.table_schema = tc.constraint_schema AND tc.table_name = c.table_name AND ccu.column_name = c.column_name WHERE constraint_type IN ('PRIMARY KEY', 'UNIQUE') AND c.table_catalog = 'gin_struktur_folder' AND c.table_schema = CURRENT_SCHEMA() AND c.table_name = 'users'" Environment=Development
time="2024-08-25 00:55:57" level=info msg="database operation: SELECT a.attname as column_name, format_type(a.atttypid, a.atttypmod) AS data_type\n\t\tFROM pg_attribute a JOIN pg_class b ON a.attrelid = b.oid AND relnamespace = (SELECT oid FROM pg_catalog.pg_namespace WHERE nspname = CURRENT_SCHEMA())\n\t\tWHERE a.attnum > 0 -- hide internal columns\n\t\tAND NOT a.attisdropped -- hide deleted columns\n\t\tAND b.relname = 'users'" Environment=Development
time="2024-08-25 00:55:57" level=info msg="database operation: SELECT description FROM pg_catalog.pg_description WHERE objsubid = (SELECT ordinal_position FROM information_schema.columns WHERE table_schema = CURRENT_SCHEMA() AND table_name = 'users' AND column_name = 'id') AND objoid = (SELECT oid FROM pg_catalog.pg_class WHERE relname = 'users' AND relnamespace = (SELECT oid FROM pg_catalog.pg_namespace WHERE nspname = CURRENT_SCHEMA()))" Environment=Development
time="2024-08-25 00:55:57" level=info msg="database operation: SELECT description FROM pg_catalog.pg_description WHERE objsubid = (SELECT ordinal_position FROM information_schema.columns WHERE table_schema = CURRENT_SCHEMA() AND table_name = 'users' AND column_name = 'created_at') AND objoid = (SELECT oid FROM pg_catalog.pg_class WHERE relname = 'users' AND relnamespace = (SELECT oid FROM pg_catalog.pg_namespace WHERE nspname = CURRENT_SCHEMA()))" Environment=Development
time="2024-08-25 00:55:57" level=info msg="database operation: SELECT description FROM pg_catalog.pg_description WHERE objsubid = (SELECT ordinal_position FROM information_schema.columns WHERE table_schema = CURRENT_SCHEMA() AND table_name = 'users' AND column_name = 'updated_at') AND objoid = (SELECT oid FROM pg_catalog.pg_class WHERE relname = 'users' AND relnamespace = (SELECT oid FROM pg_catalog.pg_namespace WHERE nspname = CURRENT_SCHEMA()))" Environment=Development
time="2024-08-25 00:55:57" level=info msg="database operation: SELECT description FROM pg_catalog.pg_description WHERE objsubid = (SELECT ordinal_position FROM information_schema.columns WHERE table_schema = CURRENT_SCHEMA() AND table_name = 'users' AND column_name = 'deleted_at') AND objoid = (SELECT oid FROM pg_catalog.pg_class WHERE relname = 'users' AND relnamespace = (SELECT oid FROM pg_catalog.pg_namespace WHERE nspname = CURRENT_SCHEMA()))" Environment=Development
time="2024-08-25 00:55:57" level=info msg="database operation: SELECT description FROM pg_catalog.pg_description WHERE objsubid = (SELECT ordinal_position FROM information_schema.columns WHERE table_schema = CURRENT_SCHEMA() AND table_name = 'users' AND column_name = 'first_name') AND objoid = (SELECT oid FROM pg_catalog.pg_class WHERE relname = 'users' AND relnamespace = (SELECT oid FROM pg_catalog.pg_namespace WHERE nspname = CURRENT_SCHEMA()))" Environment=Development
time="2024-08-25 00:55:57" level=info msg="database operation: SELECT description FROM pg_catalog.pg_description WHERE objsubid = (SELECT ordinal_position FROM information_schema.columns WHERE table_schema = CURRENT_SCHEMA() AND table_name = 'users' AND column_name = 'last_name') AND objoid = (SELECT oid FROM pg_catalog.pg_class WHERE relname = 'users' AND relnamespace = (SELECT oid FROM pg_catalog.pg_namespace WHERE nspname = CURRENT_SCHEMA()))" Environment=Development
time="2024-08-25 00:55:57" level=info msg="database operation: SELECT description FROM pg_catalog.pg_description WHERE objsubid = (SELECT ordinal_position FROM information_schema.columns WHERE table_schema = CURRENT_SCHEMA() AND table_name = 'users' AND column_name = 'email') AND objoid = (SELECT oid FROM pg_catalog.pg_class WHERE relname = 'users' AND relnamespace = (SELECT oid FROM pg_catalog.pg_namespace WHERE nspname = CURRENT_SCHEMA()))" Environment=Development
time="2024-08-25 00:55:57" level=info msg="database operation: SELECT description FROM pg_catalog.pg_description WHERE objsubid = (SELECT ordinal_position FROM information_schema.columns WHERE table_schema = CURRENT_SCHEMA() AND table_name = 'users' AND column_name = 'password') AND objoid = (SELECT oid FROM pg_catalog.pg_class WHERE relname = 'users' AND relnamespace = (SELECT oid FROM pg_catalog.pg_namespace WHERE nspname = CURRENT_SCHEMA()))" Environment=Development
time="2024-08-25 00:55:57" level=info msg="database operation: SELECT count(*) FROM pg_indexes WHERE tablename = 'users' AND indexname = 'idx_users_deleted_at' AND schemaname = CURRENT_SCHEMA()" Environment=Development
time="2024-08-25 00:55:57" level=info msg="database operation: INSERT INTO \"migrations\" (\"id\") VALUES ('20240825005018_create_users_table')" Environment=Development
time="2024-08-25 00:55:57" level=info msg="Running Seeders..." Environment=Development
time="2024-08-25 00:55:57" level=info msg="database operation: INSERT INTO \"users\" (\"created_at\",\"updated_at\",\"deleted_at\",\"first_name\",\"last_name\",\"email\",\"password\") VALUES ('2024-08-25 00:55:57.982','2024-08-25 00:55:57.982',NULL,'Hendra','Wijaya','Ulfa_Siregar@gmail.com','$2a$10$DOjYGDaoXkWccexosvE6/OzpSkS09bl9fc/7mXIMpKlzC2y55yH/S'),('2024-08-25 00:55:57.982','2024-08-25 00:55:57.982',NULL,'Dewi','Permadi','Mira.Putra@gmail.com','$2a$10$nQlTdcofsvsnSNwtVyHfYO/OM61Th9MXDr5Vs9P4NPpOv8bXOYmq.'),('2024-08-25 00:55:57.982','2024-08-25 00:55:57.982',NULL,'Fitri','Fauzi','Kartini-Rahman@gmail.com','$2a$10$5Z17kDdaSmcCBPmRnmWEHOIgCNwq3od4tuCrxP2Dx89QDijXEw006'),('2024-08-25 00:55:57.982','2024-08-25 00:55:57.982',NULL,'Zainal','Purnomo','Zulfi.Sari@gmail.com','$2a$10$wlE5QUOqn1MFjmifmpJP3ei.MWntakokLguEzsR6MfWaOjp0a0Oje'),('2024-08-25 00:55:57.982','2024-08-25 00:55:57.982',NULL,'Zainal','Sari','Gilang.Maulana@gmail.com','$2a$10$hRlV64ynbkICjdg4y9EZBuBamXzPU7PI1NBAoCV.ZGy0MjZzZdWtu'),('2024-08-25 00:55:57.982','2024-08-25 00:55:57.982',NULL,'Dwi','Wibisono','Omar_Fauzi@gmail.com','$2a$10$aKVdm/nXcPJZ.L.n6C3QhOhxrgXn6cJ.vhhxULxmiI17cshlG3kpy'),('2024-08-25 00:55:57.982','2024-08-25 00:55:57.982',NULL,'Yuli','Utomo','Hendra_Kusuma@gmail.com','$2a$10$y11rGhpUOaefIBLq2FqjD.DblxpZRoZ87sTtsZqSPnArD0mKTT5i.'),('2024-08-25 00:55:57.982','2024-08-25 00:55:57.982',NULL,'Sari','Ananda','Putri_Purnomo@gmail.com','$2a$10$qFu9jlDZ2ROzIBqm46p7xuWzrX1woe.2N35IRDjhyRC.xeWdFPlam'),('2024-08-25 00:55:57.982','2024-08-25 00:55:57.982',NULL,'Ahmad','Haryanto','Lia_Haryanto@gmail.com','$2a$10$evgGxkEFWfYDhVNFBRYjS.dUBaC/i/tNRBqrBFQ5mcwhU9ZAixgXO'),('2024-08-25 00:55:57.982','2024-08-25 00:55:57.982',NULL,'Wahyu','Putra','Vina.Subagyo@gmail.com','$2a$10$nxTpi2QMy5PrRv1kGFVwcuALj2pJqYGsS24et.AMAN6G2HLbulzVO'),('2024-08-25 00:55:57.982','2024-08-25 00:55:57.982',NULL,'Kiki','Permadi','Budi-Siregar@gmail.com','$2a$10$hCXB3765Kiws/31aZ2sNYeiOh.qXJDz2U6OGKmCoNc96N5Bdgg4VC'),('2024-08-25 00:55:57.982','2024-08-25 00:55:57.982',NULL,'Zainal','Wibowo','Kiki.Rahayu@gmail.com','$2a$10$1Cv9eOoRgKx8j7h/NeS81O586DdbPsKojxhzUMdBzWbKd2NTW4t76'),('2024-08-25 00:55:57.982','2024-08-25 00:55:57.982',NULL,'Dewi','Wibisono','Hadi.Nugraha@gmail.com','$2a$10$ir3Ckug8GYZAu8wRpoMgnu6p89RGMdpMEP.KnJo8EJboXeIwdzb02'),('2024-08-25 00:55:57.982','2024-08-25 00:55:57.982',NULL,'Hendra','Susanto','Yuli_Hartono@gmail.com','$2a$10$cVigOKF5QTjmM5dn5wVkeOkBesB.8b59cVjOoaXcE8SDCSAmat/ai'),('2024-08-25 00:55:57.982','2024-08-25 00:55:57.982',NULL,'Omar','Santoso','Yuli-Siregar@gmail.com','$2a$10$PPpFbM0agsF28cCdtvhT6eElRV34Mgj8Xc8vB7xByFidu7lGOUTtu') RETURNING \"id\"" Environment=Development
time="2024-08-25 00:55:57" level=info msg="Seed users success" Environment=Development
time="2024-08-25 00:55:57" level=info msg="Seed all success" Environment=Development
time="2024-08-25 00:55:57" level=info msg="AutoMigrate and Seeders completed." Environment=Development
time="2024-08-25 00:55:57" level=info msg="Server is running on port: 8080" Environment=Development
time="2024-08-25 00:56:30" level=info msg="Shutting down server..." Environment=Development
time="2024-08-25 00:56:30" level=info msg="Server exiting" Environment=Development
time="2024-08-25 00:56:32" level=info msg="Running AutoDrop (Rollback all migrations) and AutoMigrate..." Environment=Development
time="2024-08-25 00:56:32" level=info msg="database operation: DROP TABLE IF EXISTS \"users\" CASCADE" Environment=Development
time="2024-08-25 00:56:32" level=info msg="database operation: DELETE FROM \"migrations\" WHERE id = '20240825005018_create_users_table'" Environment=Development
time="2024-08-25 00:56:32" level=info msg="database operation: SELECT count(*) FROM information_schema.tables WHERE table_schema = CURRENT_SCHEMA() AND table_name = 'migrations' AND table_type = 'BASE TABLE'" Environment=Development
time="2024-08-25 00:56:32" level=info msg="database operation: SELECT id FROM \"migrations\"" Environment=Development
time="2024-08-25 00:56:32" level=info msg="database operation: SELECT count(*) FROM \"migrations\" WHERE id = '20240825005018_create_users_table'" Environment=Development
time="2024-08-25 00:56:32" level=info msg="database operation: SELECT count(*) FROM information_schema.tables WHERE table_schema = CURRENT_SCHEMA() AND table_name = 'users' AND table_type = 'BASE TABLE'" Environment=Development
time="2024-08-25 00:56:32" level=info msg="database operation: CREATE TABLE \"users\" (\"id\" bigserial,\"created_at\" timestamptz,\"updated_at\" timestamptz,\"deleted_at\" timestamptz,\"first_name\" varchar(255),\"last_name\" varchar(255),\"email\" varchar(255) NOT NULL,\"password\" text NOT NULL,PRIMARY KEY (\"id\"),CONSTRAINT \"uni_users_email\" UNIQUE (\"email\"))" Environment=Development
time="2024-08-25 00:56:32" level=info msg="database operation: CREATE INDEX IF NOT EXISTS \"idx_users_deleted_at\" ON \"users\" (\"deleted_at\")" Environment=Development
time="2024-08-25 00:56:32" level=info msg="database operation: INSERT INTO \"migrations\" (\"id\") VALUES ('20240825005018_create_users_table')" Environment=Development
time="2024-08-25 00:56:32" level=info msg="Running Seeders..." Environment=Development
time="2024-08-25 00:56:33" level=info msg="database operation: INSERT INTO \"users\" (\"created_at\",\"updated_at\",\"deleted_at\",\"first_name\",\"last_name\",\"email\",\"password\") VALUES ('2024-08-25 00:56:33.574','2024-08-25 00:56:33.574',NULL,'Rizki','Hartono','Omar.Aulia@gmail.com','$2a$10$zzE257pEoi637RD1I.6oZ.08cKCs1zl5wl1294CB3CUIBZX5xJiSa'),('2024-08-25 00:56:33.574','2024-08-25 00:56:33.574',NULL,'Oki','Rahman','Dewi.Pratama@gmail.com','$2a$10$sUFEMGoQmDCXLv/9uuUVs.Kb0rKEo5jh8Zq38bk9CqTJ5Sf7ctzXu'),('2024-08-25 00:56:33.574','2024-08-25 00:56:33.574',NULL,'Andi','Utomo','Hendra.Putra@gmail.com','$2a$10$sRLcNqPWroDspKP01EkcCeWvX5oWPHK.uVcDVEaJSXgyw26qne0N6'),('2024-08-25 00:56:33.574','2024-08-25 00:56:33.574',NULL,'Nina','Simanjuntak','Andi.Hartono@gmail.com','$2a$10$FUKOVRGq1i8Ucb4FX6/Fru/Au72YsAfLLiIAT2Yvk0WldMPDs0Dvq'),('2024-08-25 00:56:33.574','2024-08-25 00:56:33.574',NULL,'Dewi','Permadi','Rizki.Purnomo@gmail.com','$2a$10$TsgnEts5s4p4n3hoxEq6QONyEw8vsOOdRMGLFNtJFqn7PUKmRuPdy'),('2024-08-25 00:56:33.574','2024-08-25 00:56:33.574',NULL,'Zulfi','Susanto','Farah.Nugraha@gmail.com','$2a$10$VOvOCA9g1BFBreWKrFO.6egusOzq0qci4mM82pzLmb/G0q4txl7O6'),('2024-08-25 00:56:33.574','2024-08-25 00:56:33.574',NULL,'Dimas','Aulia','Veri-Fauzi@gmail.com','$2a$10$1QttSO6U9Lt/T/e1V0ZpVeHpYFq9m2xpPVuV1V.jfkG8Q1p7.YvMi'),('2024-08-25 00:56:33.574','2024-08-25 00:56:33.574',NULL,'Yana','Putra','Tia_Kurniawan@gmail.com','$2a$10$qNtXvzf5kSg1zwbP0YS6Puft/qVluUe5035YWAYrSMcE.DVV49q.2'),('2024-08-25 00:56:33.574','2024-08-25 00:56:33.574',NULL,'Indah','Setiawan','Salsa.Nugraha@gmail.com','$2a$10$mekrR3U3eYzKCT7PxTXFD.lWxxV2ORXofZh7zlbDSfJPf4cOfCe9m'),('2024-08-25 00:56:33.574','2024-08-25 00:56:33.574',NULL,'Dewi','Rahayu','Zainal_Subagyo@gmail.com','$2a$10$cKc.ZYkU8gDe05oQgtUAJuDwiKcGPt30YqDUKKf9rF/L5/X3gR2m.'),('2024-08-25 00:56:33.574','2024-08-25 00:56:33.574',NULL,'Yana','Wulandari','Ujang-Haryanto@gmail.com','$2a$10$Znz0By4G79aDaOnPPUf8pedJFxuaD17bmseBhYOWppnHiQcA5U6oW'),('2024-08-25 00:56:33.574','2024-08-25 00:56:33.574',NULL,'Nia','Ananda','Yana-Haryanto@gmail.com','$2a$10$jwhSrx83CTsCe2z0QJRKgOp0I/FOoiFrvRPy4.g/r7KR9yqWwi/X.'),('2024-08-25 00:56:33.574','2024-08-25 00:56:33.574',NULL,'Winda','Putra','Vina-Kurniawan@gmail.com','$2a$10$u06.1nfe/YlD0vRfvmSidu9YG.oJnY1j/hXbzTOLdRHux0jbMvkGu'),('2024-08-25 00:56:33.574','2024-08-25 00:56:33.574',NULL,'Nia','Wijaya','Maya_Rahman@gmail.com','$2a$10$tESKHvbnIOpbQGpeBzxGzeND0aFLfAUGrZciKIehOtauHM7Jgc6KW'),('2024-08-25 00:56:33.574','2024-08-25 00:56:33.574',NULL,'Putri','Kurniawan','Andi.Kurniawan@gmail.com','$2a$10$LY5AkihqUs6srp6l/ZYKn.lD3gtcx3yft3bExWCLzp/GQB7kgTbkW') RETURNING \"id\"" Environment=Development
time="2024-08-25 00:56:33" level=info msg="Seed users success" Environment=Development
time="2024-08-25 00:56:33" level=info msg="Seed all success" Environment=Development
time="2024-08-25 00:56:33" level=info msg="AutoMigrate and Seeders completed." Environment=Development
time="2024-08-25 00:56:33" level=info msg="Server is running on port: 8080" Environment=Development
time="2024-08-25 00:56:48" level=info msg="Shutting down server..." Environment=Development
time="2024-08-25 00:56:48" level=info msg="Server exiting" Environment=Development
